2024-05-17 03:15:34.340 - WARN  - com.example.demoJavafx.DatosJuego - No hay recursos disponibles en la lista.
2024-05-17 03:15:34.408 - WARN  - com.example.demoJavafx.DatosJuego - No hay estudiantes disponibles en la lista.
2024-05-17 03:15:34.428 - DEBUG - com.example.demoJavafx.entorno.GsonRecursos - Empezando serialización de recurso Agua a Json
2024-05-17 03:15:34.450 - DEBUG - com.example.demoJavafx.entorno.GsonRecursos - Empezando deserialización de Recursos Agua a Json
2024-05-17 03:15:34.485 - INFO  - com.example.demoJavafx.entorno.Biblioteca - Se ha aumentado la probabilidad de clonación
2024-05-17 03:15:34.492 - INFO  - com.example.demoJavafx.entorno.Biblioteca - Se ha aumentado la probabilidad de clonación
2024-05-17 03:15:34.498 - INFO  - com.example.demoJavafx.entorno.Biblioteca - Se ha aumentado la probabilidad de clonación
2024-05-17 03:15:34.507 - INFO  - com.example.demoJavafx.entorno.Tesoro - Se ha aumentado la probabilidad de reproducción
2024-05-17 03:15:34.527 - INFO  - com.example.demoJavafx.estudiante.Estudiante - La probabilidad de reproducción ha sido modificada
2024-05-17 03:15:34.559 - INFO  - com.example.demoJavafx.entorno.Montaña - Se ha reducido la vida
2024-05-17 03:15:34.570 - INFO  - com.example.demoJavafx.entorno.Montaña - Se ha reducido la vida
2024-05-17 03:15:34.578 - INFO  - com.example.demoJavafx.entorno.Montaña - Se ha reducido la vida
2024-05-17 03:15:34.924 - DEBUG - com.example.demoJavafx.estudiante.GsonEstudiante - Empezando deserialización de Estudiante EstudianteAvanzado a Json
2024-05-17 03:15:34.934 - DEBUG - com.example.demoJavafx.estudiante.GsonEstudiante - Empezando deserialización de Estudiante EstudianteBasico a Json
2024-05-17 03:15:34.944 - DEBUG - com.example.demoJavafx.estudiante.GsonEstudiante - Empezando deserialización de Estudiante EstudianteNormal a Json
2024-05-17 03:15:34.966 - ERROR - com.example.demoJavafx.entorno.Recursos - El array no contiene 2 elementos y por tanto, no se ha podido establecer la posición del recurso
2024-05-17 03:15:35.029 - INFO  - com.example.demoJavafx.entorno.Montaña - Se ha reducido la vida
2024-05-17 03:15:35.183 - INFO  - com.example.demoJavafx.entorno.Tesoro - Se ha aumentado la probabilidad de reproducción
2024-05-17 03:15:35.210 - INFO  - com.example.demoJavafx.SeleccionarPartidaController - Evaluando condición de finalización del juego...
2024-05-17 03:15:35.215 - INFO  - com.example.demoJavafx.SeleccionarPartidaController - Número total de estudiantes en el tablero: 0
2024-05-17 03:15:35.215 - INFO  - com.example.demoJavafx.SeleccionarPartidaController - Condición de finalización: falsa
2024-05-17 03:15:35.216 - INFO  - com.example.demoJavafx.SeleccionarPartidaController - No hay estudiantes en el tablero para evaluar su desaparición.
2024-05-17 03:15:35.216 - ERROR - com.example.demoJavafx.SeleccionarPartidaController - El bucle ha sido interrumpido mientras esperaba
2024-05-17 03:15:35.392 - INFO  - com.example.demoJavafx.estudiante.Estudiante - El tiempo de vida se ha modificado
2024-05-17 03:15:35.392 - INFO  - com.example.demoJavafx.estudiante.Estudiante - La probabilidad de reproducción ha sido modificada
2024-05-17 03:15:35.393 - INFO  - com.example.demoJavafx.estudiante.Estudiante - La probabilidad de clonación ha sido modificada
2024-05-17 03:15:35.470 - INFO  - com.example.demoJavafx.entorno.Agua - Se ha aumentado la vida
2024-05-17 03:15:35.476 - INFO  - com.example.demoJavafx.entorno.Agua - Se ha aumentado la vida
2024-05-17 03:15:35.478 - INFO  - com.example.demoJavafx.entorno.Agua - Se ha aumentado la vida
2024-05-17 03:15:35.484 - INFO  - com.example.demoJavafx.entorno.Biblioteca - Se ha aumentado la probabilidad de clonación
2024-05-17 03:15:35.499 - INFO  - com.example.demoJavafx.entorno.Biblioteca - Se ha aumentado la probabilidad de clonación
2024-05-17 03:15:35.505 - INFO  - com.example.demoJavafx.entorno.Biblioteca - Se ha aumentado la probabilidad de clonación
2024-05-17 03:15:35.535 - INFO  - com.example.demoJavafx.entorno.Agua - Se ha aumentado la vida
2024-05-17 03:15:35.570 - INFO  - com.example.demoJavafx.entorno.Comida - Se ha aumentado la vida
2024-05-17 03:15:35.574 - INFO  - com.example.demoJavafx.entorno.Comida - Se ha aumentado la vida
2024-05-17 03:15:35.576 - INFO  - com.example.demoJavafx.entorno.Comida - Se ha aumentado la vida
2024-05-17 03:15:35.592 - ERROR - com.example - Número de filas o columnas no válido.
2024-05-17 03:58:49.190 - INFO  - com.example.demoJavafx.DatosJuego - Se ha obtenido aleatoriamente el recurso: com.example.demoJavafx.entorno.Agua@238acd0b
2024-05-17 03:58:49.255 - INFO  - com.example.demoJavafx.DatosJuego - Se ha obtenido aleatoriamente el estudiante: com.example.demoJavafx.estudiante.EstudianteBasico@7c1812b3
2024-05-17 03:58:49.388 - DEBUG - com.example.demoJavafx.entorno.GsonRecursos - Empezando serialización de recurso Agua a Json
2024-05-17 03:58:49.435 - DEBUG - com.example.demoJavafx.entorno.GsonRecursos - Empezando deserialización de Recursos Agua a Json
2024-05-17 03:58:49.498 - INFO  - com.example.demoJavafx.entorno.Biblioteca - Se ha aumentado la probabilidad de clonación
2024-05-17 03:58:49.553 - INFO  - com.example.demoJavafx.entorno.Biblioteca - Se ha aumentado la probabilidad de clonación
2024-05-17 03:58:49.555 - INFO  - com.example.demoJavafx.entorno.Biblioteca - Se ha aumentado la probabilidad de clonación
2024-05-17 03:58:49.563 - INFO  - com.example.demoJavafx.entorno.Tesoro - Se ha aumentado la probabilidad de reproducción
2024-05-17 03:58:49.606 - INFO  - com.example.demoJavafx.estudiante.Estudiante - La probabilidad de reproducción ha sido modificada
2024-05-17 03:58:49.650 - INFO  - com.example.demoJavafx.entorno.Montaña - Se ha reducido la vida
2024-05-17 03:58:49.653 - INFO  - com.example.demoJavafx.entorno.Montaña - Se ha reducido la vida
2024-05-17 03:58:49.657 - INFO  - com.example.demoJavafx.entorno.Montaña - Se ha reducido la vida
2024-05-17 03:58:49.958 - DEBUG - com.example.demoJavafx.estudiante.GsonEstudiante - Empezando deserialización de Estudiante EstudianteAvanzado a Json
2024-05-17 03:58:49.963 - DEBUG - com.example.demoJavafx.estudiante.GsonEstudiante - Empezando deserialización de Estudiante EstudianteBasico a Json
2024-05-17 03:58:49.968 - DEBUG - com.example.demoJavafx.estudiante.GsonEstudiante - Empezando deserialización de Estudiante EstudianteNormal a Json
2024-05-17 03:58:49.984 - ERROR - com.example.demoJavafx.entorno.Recursos - El array no contiene 2 elementos y por tanto, no se ha podido establecer la posición del recurso
2024-05-17 03:58:50.047 - INFO  - com.example.demoJavafx.entorno.Montaña - Se ha reducido la vida
2024-05-17 03:58:50.423 - INFO  - com.example.demoJavafx.entorno.Tesoro - Se ha aumentado la probabilidad de reproducción
2024-05-17 03:58:50.470 - INFO  - com.example.demoJavafx.SeleccionarPartidaController - Evaluando condición de finalización del juego...
2024-05-17 03:58:50.471 - INFO  - com.example.demoJavafx.SeleccionarPartidaController - Número total de estudiantes en el tablero: 0
2024-05-17 03:58:50.472 - INFO  - com.example.demoJavafx.SeleccionarPartidaController - Condición de finalización: falsa
2024-05-17 03:58:50.472 - INFO  - com.example.demoJavafx.SeleccionarPartidaController - No hay estudiantes en el tablero para evaluar su desaparición.
2024-05-17 03:58:50.473 - ERROR - com.example.demoJavafx.SeleccionarPartidaController - El bucle ha sido interrumpido mientras esperaba
2024-05-17 03:58:50.581 - INFO  - com.example.demoJavafx.estudiante.Estudiante - El tiempo de vida se ha modificado
2024-05-17 03:58:50.581 - INFO  - com.example.demoJavafx.estudiante.Estudiante - La probabilidad de reproducción ha sido modificada
2024-05-17 03:58:50.582 - INFO  - com.example.demoJavafx.estudiante.Estudiante - La probabilidad de clonación ha sido modificada
2024-05-17 03:58:50.672 - INFO  - com.example.demoJavafx.entorno.Agua - Se ha aumentado la vida
2024-05-17 03:58:50.680 - INFO  - com.example.demoJavafx.entorno.Agua - Se ha aumentado la vida
2024-05-17 03:58:50.686 - INFO  - com.example.demoJavafx.entorno.Agua - Se ha aumentado la vida
2024-05-17 03:58:50.693 - INFO  - com.example.demoJavafx.entorno.Biblioteca - Se ha aumentado la probabilidad de clonación
2024-05-17 03:58:50.699 - INFO  - com.example.demoJavafx.entorno.Biblioteca - Se ha aumentado la probabilidad de clonación
2024-05-17 03:58:50.711 - INFO  - com.example.demoJavafx.entorno.Biblioteca - Se ha aumentado la probabilidad de clonación
2024-05-17 03:58:50.736 - INFO  - com.example.demoJavafx.entorno.Agua - Se ha aumentado la vida
2024-05-17 03:58:50.784 - INFO  - com.example.demoJavafx.entorno.Comida - Se ha aumentado la vida
2024-05-17 03:58:50.788 - INFO  - com.example.demoJavafx.entorno.Comida - Se ha aumentado la vida
2024-05-17 03:58:50.797 - INFO  - com.example.demoJavafx.entorno.Comida - Se ha aumentado la vida
2024-05-17 04:39:00.707 - INFO  - com.example.demoJavafx.entorno.Agua - Se ha aumentado la vida
2024-05-17 04:39:00.906 - INFO  - com.example.demoJavafx.estudiante.Estudiante - El tiempo de vida se ha modificado
2024-05-17 04:39:00.906 - INFO  - com.example.demoJavafx.entorno.Agua - Efecto aplicado
2024-05-17 04:39:18.871 - INFO  - com.example.demoJavafx.DatosJuego - Se ha obtenido aleatoriamente el recurso: com.example.demoJavafx.entorno.Agua@39e67516
2024-05-17 04:39:18.905 - INFO  - com.example.demoJavafx.DatosJuego - Se ha obtenido aleatoriamente el estudiante: com.example.demoJavafx.estudiante.EstudianteBasico@65f58c6e
2024-05-17 04:39:19.031 - DEBUG - com.example.demoJavafx.entorno.GsonRecursos - Empezando serialización de recurso Agua a Json
2024-05-17 04:39:19.063 - DEBUG - com.example.demoJavafx.entorno.GsonRecursos - Empezando deserialización de Recursos Agua a Json
2024-05-17 04:39:19.094 - INFO  - com.example.demoJavafx.entorno.Biblioteca - Se ha aumentado la probabilidad de clonación
2024-05-17 04:39:19.099 - INFO  - com.example.demoJavafx.entorno.Biblioteca - Se ha aumentado la probabilidad de clonación
2024-05-17 04:39:19.107 - INFO  - com.example.demoJavafx.entorno.Biblioteca - Se ha aumentado la probabilidad de clonación
2024-05-17 04:39:19.120 - INFO  - com.example.demoJavafx.entorno.Tesoro - Se ha aumentado la probabilidad de reproducción
2024-05-17 04:39:19.140 - INFO  - com.example.demoJavafx.estudiante.Estudiante - La probabilidad de reproducción ha sido modificada
2024-05-17 04:39:19.162 - INFO  - com.example.demoJavafx.entorno.Montaña - Se ha reducido la vida
2024-05-17 04:39:19.167 - INFO  - com.example.demoJavafx.entorno.Montaña - Se ha reducido la vida
2024-05-17 04:39:19.170 - INFO  - com.example.demoJavafx.entorno.Montaña - Se ha reducido la vida
2024-05-17 04:39:19.817 - DEBUG - com.example.demoJavafx.estudiante.GsonEstudiante - Empezando deserialización de Estudiante EstudianteAvanzado a Json
2024-05-17 04:39:19.825 - DEBUG - com.example.demoJavafx.estudiante.GsonEstudiante - Empezando deserialización de Estudiante EstudianteBasico a Json
2024-05-17 04:39:19.833 - DEBUG - com.example.demoJavafx.estudiante.GsonEstudiante - Empezando deserialización de Estudiante EstudianteNormal a Json
2024-05-17 04:39:19.850 - ERROR - com.example.demoJavafx.entorno.Recursos - El array no contiene 2 elementos y por tanto, no se ha podido establecer la posición del recurso
2024-05-17 04:39:19.907 - INFO  - com.example.demoJavafx.entorno.Montaña - Se ha reducido la vida
2024-05-17 04:39:20.300 - INFO  - com.example.demoJavafx.entorno.Tesoro - Se ha aumentado la probabilidad de reproducción
2024-05-17 04:39:20.325 - INFO  - com.example.demoJavafx.SeleccionarPartidaController - Evaluando condición de finalización del juego...
2024-05-17 04:39:20.326 - INFO  - com.example.demoJavafx.SeleccionarPartidaController - Número total de estudiantes en el tablero: 0
2024-05-17 04:39:20.327 - INFO  - com.example.demoJavafx.SeleccionarPartidaController - Condición de finalización: falsa
2024-05-17 04:39:20.327 - INFO  - com.example.demoJavafx.SeleccionarPartidaController - No hay estudiantes en el tablero para evaluar su desaparición.
2024-05-17 04:39:20.328 - ERROR - com.example.demoJavafx.SeleccionarPartidaController - El bucle ha sido interrumpido mientras esperaba
2024-05-17 04:39:20.420 - INFO  - com.example.demoJavafx.estudiante.Estudiante - El tiempo de vida se ha modificado
2024-05-17 04:39:20.421 - INFO  - com.example.demoJavafx.estudiante.Estudiante - La probabilidad de reproducción ha sido modificada
2024-05-17 04:39:20.421 - INFO  - com.example.demoJavafx.estudiante.Estudiante - La probabilidad de clonación ha sido modificada
2024-05-17 04:39:20.478 - INFO  - com.example.demoJavafx.entorno.Agua - Se ha aumentado la vida
2024-05-17 04:39:20.495 - INFO  - com.example.demoJavafx.entorno.Agua - Se ha aumentado la vida
2024-05-17 04:39:20.501 - INFO  - com.example.demoJavafx.entorno.Agua - Se ha aumentado la vida
2024-05-17 04:39:20.508 - INFO  - com.example.demoJavafx.entorno.Biblioteca - Se ha aumentado la probabilidad de clonación
2024-05-17 04:39:20.512 - INFO  - com.example.demoJavafx.entorno.Biblioteca - Se ha aumentado la probabilidad de clonación
2024-05-17 04:39:20.537 - INFO  - com.example.demoJavafx.entorno.Biblioteca - Se ha aumentado la probabilidad de clonación
2024-05-17 04:39:21.006 - INFO  - com.example.demoJavafx.entorno.Agua - Se ha aumentado la vida
2024-05-17 04:39:21.066 - INFO  - com.example.demoJavafx.entorno.Comida - Se ha aumentado la vida
2024-05-17 04:39:21.069 - INFO  - com.example.demoJavafx.entorno.Comida - Se ha aumentado la vida
2024-05-17 04:39:21.074 - INFO  - com.example.demoJavafx.entorno.Comida - Se ha aumentado la vida
2024-05-17 04:39:40.173 - INFO  - com.example.demoJavafx.estudiante.Estudiante - El tiempo de vida se ha modificado
2024-05-17 04:39:40.176 - INFO  - com.example.demoJavafx.entorno.Agua - Efecto aplicado
2024-05-17 04:43:07.457 - INFO  - com.example.demoJavafx.DatosJuego - Se ha obtenido aleatoriamente el recurso: com.example.demoJavafx.entorno.Agua@8ff5094
2024-05-17 04:43:07.482 - INFO  - com.example.demoJavafx.DatosJuego - Se ha obtenido aleatoriamente el estudiante: com.example.demoJavafx.estudiante.EstudianteBasico@af9a89f
2024-05-17 04:43:07.589 - DEBUG - com.example.demoJavafx.entorno.GsonRecursos - Empezando serialización de recurso Agua a Json
2024-05-17 04:43:07.637 - DEBUG - com.example.demoJavafx.entorno.GsonRecursos - Empezando deserialización de Recursos Agua a Json
2024-05-17 04:43:07.676 - INFO  - com.example.demoJavafx.entorno.Biblioteca - Se ha aumentado la probabilidad de clonación
2024-05-17 04:43:07.686 - INFO  - com.example.demoJavafx.entorno.Biblioteca - Se ha aumentado la probabilidad de clonación
2024-05-17 04:43:07.691 - INFO  - com.example.demoJavafx.entorno.Biblioteca - Se ha aumentado la probabilidad de clonación
2024-05-17 04:43:07.713 - INFO  - com.example.demoJavafx.entorno.Tesoro - Se ha aumentado la probabilidad de reproducción
2024-05-17 04:43:07.746 - INFO  - com.example.demoJavafx.estudiante.Estudiante - La probabilidad de reproducción ha sido modificada
2024-05-17 04:43:07.789 - INFO  - com.example.demoJavafx.entorno.Montaña - Se ha reducido la vida
2024-05-17 04:43:07.795 - INFO  - com.example.demoJavafx.entorno.Montaña - Se ha reducido la vida
2024-05-17 04:43:07.799 - INFO  - com.example.demoJavafx.entorno.Montaña - Se ha reducido la vida
2024-05-17 04:43:08.159 - DEBUG - com.example.demoJavafx.estudiante.GsonEstudiante - Empezando deserialización de Estudiante EstudianteAvanzado a Json
2024-05-17 04:43:08.190 - DEBUG - com.example.demoJavafx.estudiante.GsonEstudiante - Empezando deserialización de Estudiante EstudianteBasico a Json
2024-05-17 04:43:08.221 - DEBUG - com.example.demoJavafx.estudiante.GsonEstudiante - Empezando deserialización de Estudiante EstudianteNormal a Json
2024-05-17 04:43:08.245 - ERROR - com.example.demoJavafx.entorno.Recursos - El array no contiene 2 elementos y por tanto, no se ha podido establecer la posición del recurso
2024-05-17 04:43:08.396 - INFO  - com.example.demoJavafx.entorno.Montaña - Se ha reducido la vida
2024-05-17 04:43:08.728 - INFO  - com.example.demoJavafx.entorno.Tesoro - Se ha aumentado la probabilidad de reproducción
2024-05-17 04:43:08.760 - INFO  - com.example.demoJavafx.SeleccionarPartidaController - Evaluando condición de finalización del juego...
2024-05-17 04:43:08.761 - INFO  - com.example.demoJavafx.SeleccionarPartidaController - Número total de estudiantes en el tablero: 0
2024-05-17 04:43:08.762 - INFO  - com.example.demoJavafx.SeleccionarPartidaController - Condición de finalización: falsa
2024-05-17 04:43:08.762 - INFO  - com.example.demoJavafx.SeleccionarPartidaController - No hay estudiantes en el tablero para evaluar su desaparición.
2024-05-17 04:43:08.763 - ERROR - com.example.demoJavafx.SeleccionarPartidaController - El bucle ha sido interrumpido mientras esperaba
2024-05-17 04:43:08.855 - INFO  - com.example.demoJavafx.estudiante.Estudiante - El tiempo de vida se ha modificado
2024-05-17 04:43:08.855 - INFO  - com.example.demoJavafx.estudiante.Estudiante - La probabilidad de reproducción ha sido modificada
2024-05-17 04:43:08.856 - INFO  - com.example.demoJavafx.estudiante.Estudiante - La probabilidad de clonación ha sido modificada
2024-05-17 04:43:08.920 - INFO  - com.example.demoJavafx.entorno.Agua - Se ha aumentado la vida
2024-05-17 04:43:08.923 - INFO  - com.example.demoJavafx.entorno.Agua - Se ha aumentado la vida
2024-05-17 04:43:08.929 - INFO  - com.example.demoJavafx.entorno.Agua - Se ha aumentado la vida
2024-05-17 04:43:08.933 - INFO  - com.example.demoJavafx.entorno.Biblioteca - Se ha aumentado la probabilidad de clonación
2024-05-17 04:43:08.939 - INFO  - com.example.demoJavafx.entorno.Biblioteca - Se ha aumentado la probabilidad de clonación
2024-05-17 04:43:08.950 - INFO  - com.example.demoJavafx.entorno.Biblioteca - Se ha aumentado la probabilidad de clonación
2024-05-17 04:43:09.450 - INFO  - com.example.demoJavafx.entorno.Agua - Se ha aumentado la vida
2024-05-17 04:43:09.492 - INFO  - com.example.demoJavafx.entorno.Comida - Se ha aumentado la vida
2024-05-17 04:43:09.495 - INFO  - com.example.demoJavafx.entorno.Comida - Se ha aumentado la vida
2024-05-17 04:43:09.498 - INFO  - com.example.demoJavafx.entorno.Comida - Se ha aumentado la vida
2024-05-17 04:43:32.949 - INFO  - com.example.demoJavafx.estudiante.Estudiante - El tiempo de vida se ha modificado
2024-05-17 04:43:32.956 - INFO  - com.example.demoJavafx.entorno.Agua - Efecto aplicado
2024-05-17 04:48:17.570 - INFO  - com.example.demoJavafx.DatosJuego - Se ha obtenido aleatoriamente el recurso: com.example.demoJavafx.entorno.Agua@6de0f580
2024-05-17 04:48:17.597 - INFO  - com.example.demoJavafx.DatosJuego - Se ha obtenido aleatoriamente el estudiante: com.example.demoJavafx.estudiante.EstudianteBasico@71dfcf21
2024-05-17 04:48:17.684 - DEBUG - com.example.demoJavafx.entorno.GsonRecursos - Empezando serialización de recurso Agua a Json
2024-05-17 04:48:17.708 - DEBUG - com.example.demoJavafx.entorno.GsonRecursos - Empezando deserialización de Recursos Agua a Json
2024-05-17 04:48:17.797 - INFO  - com.example.demoJavafx.entorno.Biblioteca - Se ha aumentado la probabilidad de clonación
2024-05-17 04:48:17.807 - INFO  - com.example.demoJavafx.entorno.Biblioteca - Se ha aumentado la probabilidad de clonación
2024-05-17 04:48:17.813 - INFO  - com.example.demoJavafx.entorno.Biblioteca - Se ha aumentado la probabilidad de clonación
2024-05-17 04:48:17.821 - INFO  - com.example.demoJavafx.entorno.Tesoro - Se ha aumentado la probabilidad de reproducción
2024-05-17 04:48:17.842 - INFO  - com.example.demoJavafx.estudiante.Estudiante - La probabilidad de reproducción ha sido modificada
2024-05-17 04:48:17.866 - INFO  - com.example.demoJavafx.entorno.Montaña - Se ha reducido la vida
2024-05-17 04:48:17.869 - INFO  - com.example.demoJavafx.entorno.Montaña - Se ha reducido la vida
2024-05-17 04:48:17.874 - INFO  - com.example.demoJavafx.entorno.Montaña - Se ha reducido la vida
2024-05-17 04:48:18.127 - DEBUG - com.example.demoJavafx.estudiante.GsonEstudiante - Empezando deserialización de Estudiante EstudianteAvanzado a Json
2024-05-17 04:48:18.134 - DEBUG - com.example.demoJavafx.estudiante.GsonEstudiante - Empezando deserialización de Estudiante EstudianteBasico a Json
2024-05-17 04:48:18.141 - DEBUG - com.example.demoJavafx.estudiante.GsonEstudiante - Empezando deserialización de Estudiante EstudianteNormal a Json
2024-05-17 04:48:18.159 - ERROR - com.example.demoJavafx.entorno.Recursos - El array no contiene 2 elementos y por tanto, no se ha podido establecer la posición del recurso
2024-05-17 04:48:18.205 - INFO  - com.example.demoJavafx.entorno.Montaña - Se ha reducido la vida
2024-05-17 04:48:18.493 - INFO  - com.example.demoJavafx.entorno.Tesoro - Se ha aumentado la probabilidad de reproducción
2024-05-17 04:48:18.517 - INFO  - com.example.demoJavafx.SeleccionarPartidaController - Evaluando condición de finalización del juego...
2024-05-17 04:48:18.519 - INFO  - com.example.demoJavafx.SeleccionarPartidaController - Número total de estudiantes en el tablero: 0
2024-05-17 04:48:18.520 - INFO  - com.example.demoJavafx.SeleccionarPartidaController - Condición de finalización: falsa
2024-05-17 04:48:18.521 - INFO  - com.example.demoJavafx.SeleccionarPartidaController - No hay estudiantes en el tablero para evaluar su desaparición.
2024-05-17 04:48:18.521 - ERROR - com.example.demoJavafx.SeleccionarPartidaController - El bucle ha sido interrumpido mientras esperaba
2024-05-17 04:48:18.586 - INFO  - com.example.demoJavafx.estudiante.Estudiante - El tiempo de vida se ha modificado
2024-05-17 04:48:18.587 - INFO  - com.example.demoJavafx.estudiante.Estudiante - La probabilidad de reproducción ha sido modificada
2024-05-17 04:48:18.587 - INFO  - com.example.demoJavafx.estudiante.Estudiante - La probabilidad de clonación ha sido modificada
2024-05-17 04:48:18.660 - INFO  - com.example.demoJavafx.entorno.Agua - Se ha aumentado la vida
2024-05-17 04:48:18.664 - INFO  - com.example.demoJavafx.entorno.Agua - Se ha aumentado la vida
2024-05-17 04:48:18.667 - INFO  - com.example.demoJavafx.entorno.Agua - Se ha aumentado la vida
2024-05-17 04:48:19.176 - INFO  - com.example.demoJavafx.entorno.Biblioteca - Se ha aumentado la probabilidad de clonación
2024-05-17 04:48:19.346 - INFO  - com.example.demoJavafx.entorno.Comida - Se ha aumentado la vida
2024-05-17 04:48:19.374 - INFO  - com.example.demoJavafx.entorno.Comida - Se ha aumentado la vida
2024-05-17 04:48:19.388 - INFO  - com.example.demoJavafx.entorno.Comida - Se ha aumentado la vida
2024-05-17 04:48:53.257 - INFO  - com.example.demoJavafx.estudiante.Estudiante - La probabilidad de clonación ha sido modificada
2024-05-17 04:57:08.788 - INFO  - com.example.demoJavafx.estudiante.Estudiante - La probabilidad de clonación ha sido modificada
2024-05-17 05:00:13.891 - INFO  - com.example.demoJavafx.estudiante.Estudiante - La probabilidad de clonación ha sido modificada
2024-05-17 05:03:03.141 - INFO  - com.example.demoJavafx.estudiante.Estudiante - La probabilidad de clonación ha sido modificada
2024-05-17 05:03:03.648 - INFO  - com.example.demoJavafx.entorno.Biblioteca - Se ha aumentado la probabilidad de clonación
2024-05-17 05:03:21.277 - INFO  - com.example.demoJavafx.estudiante.Estudiante - La probabilidad de clonación ha sido modificada
2024-05-17 06:12:26.223 - INFO  - com.example.demoJavafx.estudiante.Estudiante - La probabilidad de clonación ha sido modificada
2024-05-17 06:12:31.558 - INFO  - com.example.demoJavafx.entorno.Biblioteca - Se ha aumentado la probabilidad de clonación
2024-05-17 06:13:50.877 - INFO  - com.example.demoJavafx.estudiante.Estudiante - La probabilidad de clonación ha sido modificada
2024-05-17 06:19:19.729 - INFO  - com.example.demoJavafx.estudiante.Estudiante - La probabilidad de clonación ha sido modificada
2024-05-17 06:19:24.974 - INFO  - com.example.demoJavafx.entorno.Biblioteca - Se ha aumentado la probabilidad de clonación
2024-05-17 06:19:39.893 - INFO  - com.example.demoJavafx.entorno.Agua - Se ha aumentado la vida
2024-05-17 06:19:40.051 - INFO  - com.example.demoJavafx.estudiante.Estudiante - El tiempo de vida se ha modificado
2024-05-17 06:19:40.052 - INFO  - com.example.demoJavafx.entorno.Agua - Efecto aplicado
2024-05-17 06:20:04.525 - INFO  - com.example.demoJavafx.DatosJuego - Se ha obtenido aleatoriamente el recurso: com.example.demoJavafx.entorno.Comida@1d4664d7
2024-05-17 06:20:04.544 - INFO  - com.example.demoJavafx.DatosJuego - Se ha obtenido aleatoriamente el estudiante: com.example.demoJavafx.estudiante.EstudianteBasico@5226e402
2024-05-17 06:20:04.606 - DEBUG - com.example.demoJavafx.entorno.GsonRecursos - Empezando serialización de recurso Agua a Json
2024-05-17 06:20:04.622 - DEBUG - com.example.demoJavafx.entorno.GsonRecursos - Empezando deserialización de Recursos Agua a Json
2024-05-17 06:20:04.653 - INFO  - com.example.demoJavafx.entorno.Biblioteca - Se ha aumentado la probabilidad de clonación
2024-05-17 06:20:04.657 - INFO  - com.example.demoJavafx.entorno.Biblioteca - Se ha aumentado la probabilidad de clonación
2024-05-17 06:20:04.663 - INFO  - com.example.demoJavafx.entorno.Biblioteca - Se ha aumentado la probabilidad de clonación
2024-05-17 06:20:04.679 - INFO  - com.example.demoJavafx.entorno.Tesoro - Se ha aumentado la probabilidad de reproducción
2024-05-17 06:20:04.745 - INFO  - com.example.demoJavafx.estudiante.Estudiante - La probabilidad de reproducción ha sido modificada
2024-05-17 06:20:04.779 - INFO  - com.example.demoJavafx.entorno.Montaña - Se ha reducido la vida
2024-05-17 06:20:04.782 - INFO  - com.example.demoJavafx.entorno.Montaña - Se ha reducido la vida
2024-05-17 06:20:04.786 - INFO  - com.example.demoJavafx.entorno.Montaña - Se ha reducido la vida
2024-05-17 06:20:05.007 - DEBUG - com.example.demoJavafx.estudiante.GsonEstudiante - Empezando deserialización de Estudiante EstudianteAvanzado a Json
2024-05-17 06:20:05.014 - DEBUG - com.example.demoJavafx.estudiante.GsonEstudiante - Empezando deserialización de Estudiante EstudianteBasico a Json
2024-05-17 06:20:05.021 - DEBUG - com.example.demoJavafx.estudiante.GsonEstudiante - Empezando deserialización de Estudiante EstudianteNormal a Json
2024-05-17 06:20:05.034 - ERROR - com.example.demoJavafx.entorno.Recursos - El array no contiene 2 elementos y por tanto, no se ha podido establecer la posición del recurso
2024-05-17 06:20:05.080 - INFO  - com.example.demoJavafx.entorno.Montaña - Se ha reducido la vida
2024-05-17 06:20:05.358 - INFO  - com.example.demoJavafx.entorno.Tesoro - Se ha aumentado la probabilidad de reproducción
2024-05-17 06:20:05.421 - INFO  - com.example.demoJavafx.SeleccionarPartidaController - Evaluando condición de finalización del juego...
2024-05-17 06:20:05.422 - INFO  - com.example.demoJavafx.SeleccionarPartidaController - Número total de estudiantes en el tablero: 0
2024-05-17 06:20:05.422 - INFO  - com.example.demoJavafx.SeleccionarPartidaController - Condición de finalización: falsa
2024-05-17 06:20:05.423 - INFO  - com.example.demoJavafx.SeleccionarPartidaController - No hay estudiantes en el tablero para evaluar su desaparición.
2024-05-17 06:20:05.426 - ERROR - com.example.demoJavafx.SeleccionarPartidaController - El bucle ha sido interrumpido mientras esperaba
2024-05-17 06:20:05.504 - INFO  - com.example.demoJavafx.estudiante.Estudiante - El tiempo de vida se ha modificado
2024-05-17 06:20:05.505 - INFO  - com.example.demoJavafx.estudiante.Estudiante - La probabilidad de reproducción ha sido modificada
2024-05-17 06:20:05.506 - INFO  - com.example.demoJavafx.estudiante.Estudiante - La probabilidad de clonación ha sido modificada
2024-05-17 06:20:05.555 - INFO  - com.example.demoJavafx.entorno.Agua - Se ha aumentado la vida
2024-05-17 06:20:05.558 - INFO  - com.example.demoJavafx.entorno.Agua - Se ha aumentado la vida
2024-05-17 06:20:05.562 - INFO  - com.example.demoJavafx.entorno.Agua - Se ha aumentado la vida
2024-05-17 06:20:06.412 - INFO  - com.example.demoJavafx.entorno.Comida - Se ha aumentado la vida
2024-05-17 06:20:06.431 - INFO  - com.example.demoJavafx.entorno.Comida - Se ha aumentado la vida
2024-05-17 06:20:06.447 - INFO  - com.example.demoJavafx.entorno.Comida - Se ha aumentado la vida
2024-05-17 06:23:02.285 - INFO  - com.example.demoJavafx.estudiante.Estudiante - La probabilidad de clonación ha sido modificada
2024-05-17 06:23:07.505 - INFO  - com.example.demoJavafx.entorno.Biblioteca - Se ha aumentado la probabilidad de clonación
2024-05-17 06:25:21.051 - INFO  - com.example.demoJavafx.estudiante.Estudiante - La probabilidad de clonación ha sido modificada
2024-05-17 06:25:26.297 - INFO  - com.example.demoJavafx.entorno.Biblioteca - Se ha aumentado la probabilidad de clonación
2024-05-17 06:28:21.298 - INFO  - com.example.demoJavafx.estudiante.Estudiante - La probabilidad de clonación ha sido modificada
2024-05-17 06:28:26.516 - INFO  - com.example.demoJavafx.entorno.Biblioteca - Se ha aumentado la probabilidad de clonación
2024-05-17 06:29:33.389 - INFO  - com.example.demoJavafx.estudiante.Estudiante - La probabilidad de clonación ha sido modificada
2024-05-17 06:29:50.326 - INFO  - com.example.demoJavafx.DatosJuego - Se ha obtenido aleatoriamente el recurso: com.example.demoJavafx.entorno.Comida@488b50ec
2024-05-17 06:29:50.345 - INFO  - com.example.demoJavafx.DatosJuego - Se ha obtenido aleatoriamente el estudiante: com.example.demoJavafx.estudiante.EstudianteBasico@7051777c
2024-05-17 06:29:50.424 - DEBUG - com.example.demoJavafx.entorno.GsonRecursos - Empezando serialización de recurso Agua a Json
2024-05-17 06:29:50.440 - DEBUG - com.example.demoJavafx.entorno.GsonRecursos - Empezando deserialización de Recursos Agua a Json
2024-05-17 06:29:50.485 - INFO  - com.example.demoJavafx.entorno.Biblioteca - Se ha aumentado la probabilidad de clonación
2024-05-17 06:29:50.492 - INFO  - com.example.demoJavafx.entorno.Biblioteca - Se ha aumentado la probabilidad de clonación
2024-05-17 06:29:50.496 - INFO  - com.example.demoJavafx.entorno.Biblioteca - Se ha aumentado la probabilidad de clonación
2024-05-17 06:29:50.509 - INFO  - com.example.demoJavafx.entorno.Tesoro - Se ha aumentado la probabilidad de reproducción
2024-05-17 06:29:50.540 - INFO  - com.example.demoJavafx.estudiante.Estudiante - La probabilidad de reproducción ha sido modificada
2024-05-17 06:29:50.579 - INFO  - com.example.demoJavafx.entorno.Montaña - Se ha reducido la vida
2024-05-17 06:29:50.583 - INFO  - com.example.demoJavafx.entorno.Montaña - Se ha reducido la vida
2024-05-17 06:29:50.591 - INFO  - com.example.demoJavafx.entorno.Montaña - Se ha reducido la vida
2024-05-17 06:29:50.873 - DEBUG - com.example.demoJavafx.estudiante.GsonEstudiante - Empezando deserialización de Estudiante EstudianteAvanzado a Json
2024-05-17 06:29:50.878 - DEBUG - com.example.demoJavafx.estudiante.GsonEstudiante - Empezando deserialización de Estudiante EstudianteBasico a Json
2024-05-17 06:29:50.885 - DEBUG - com.example.demoJavafx.estudiante.GsonEstudiante - Empezando deserialización de Estudiante EstudianteNormal a Json
2024-05-17 06:29:50.902 - ERROR - com.example.demoJavafx.entorno.Recursos - El array no contiene 2 elementos y por tanto, no se ha podido establecer la posición del recurso
2024-05-17 06:29:50.947 - INFO  - com.example.demoJavafx.entorno.Montaña - Se ha reducido la vida
2024-05-17 06:29:51.333 - INFO  - com.example.demoJavafx.entorno.Tesoro - Se ha aumentado la probabilidad de reproducción
2024-05-17 06:29:51.377 - INFO  - com.example.demoJavafx.SeleccionarPartidaController - Evaluando condición de finalización del juego...
2024-05-17 06:29:51.378 - INFO  - com.example.demoJavafx.SeleccionarPartidaController - Número total de estudiantes en el tablero: 0
2024-05-17 06:29:51.378 - INFO  - com.example.demoJavafx.SeleccionarPartidaController - Condición de finalización: falsa
2024-05-17 06:29:51.379 - INFO  - com.example.demoJavafx.SeleccionarPartidaController - No hay estudiantes en el tablero para evaluar su desaparición.
2024-05-17 06:29:51.382 - ERROR - com.example.demoJavafx.SeleccionarPartidaController - El bucle ha sido interrumpido mientras esperaba
2024-05-17 06:29:51.468 - INFO  - com.example.demoJavafx.estudiante.Estudiante - El tiempo de vida se ha modificado
2024-05-17 06:29:51.468 - INFO  - com.example.demoJavafx.estudiante.Estudiante - La probabilidad de reproducción ha sido modificada
2024-05-17 06:29:51.469 - INFO  - com.example.demoJavafx.estudiante.Estudiante - La probabilidad de clonación ha sido modificada
2024-05-17 06:29:51.523 - INFO  - com.example.demoJavafx.entorno.Agua - Se ha aumentado la vida
2024-05-17 06:29:51.527 - INFO  - com.example.demoJavafx.entorno.Agua - Se ha aumentado la vida
2024-05-17 06:29:51.530 - INFO  - com.example.demoJavafx.entorno.Agua - Se ha aumentado la vida
2024-05-17 06:29:52.249 - INFO  - com.example.demoJavafx.entorno.Comida - Se ha aumentado la vida
2024-05-17 06:29:52.254 - INFO  - com.example.demoJavafx.entorno.Comida - Se ha aumentado la vida
2024-05-17 06:29:52.256 - INFO  - com.example.demoJavafx.entorno.Comida - Se ha aumentado la vida
2024-05-17 06:37:07.182 - INFO  - com.example.demoJavafx.estudiante.Estudiante - La probabilidad de clonación ha sido modificada
2024-05-17 06:37:07.460 - INFO  - com.example.demoJavafx.entorno.Biblioteca - Se ha aumentado la probabilidad de clonación
2024-05-17 06:37:20.055 - INFO  - com.example.demoJavafx.DatosJuego - Se ha obtenido aleatoriamente el recurso: com.example.demoJavafx.entorno.Comida@f9b5552
2024-05-17 06:37:20.077 - INFO  - com.example.demoJavafx.DatosJuego - Se ha obtenido aleatoriamente el estudiante: com.example.demoJavafx.estudiante.EstudianteBasico@13cd7ea5
2024-05-17 06:37:20.137 - DEBUG - com.example.demoJavafx.entorno.GsonRecursos - Empezando serialización de recurso Agua a Json
2024-05-17 06:37:20.153 - DEBUG - com.example.demoJavafx.entorno.GsonRecursos - Empezando deserialización de Recursos Agua a Json
2024-05-17 06:37:20.180 - INFO  - com.example.demoJavafx.entorno.Biblioteca - Se ha aumentado la probabilidad de clonación
2024-05-17 06:37:20.183 - INFO  - com.example.demoJavafx.entorno.Biblioteca - Se ha aumentado la probabilidad de clonación
2024-05-17 06:37:20.186 - INFO  - com.example.demoJavafx.entorno.Biblioteca - Se ha aumentado la probabilidad de clonación
2024-05-17 06:37:20.196 - INFO  - com.example.demoJavafx.entorno.Tesoro - Se ha aumentado la probabilidad de reproducción
2024-05-17 06:37:20.232 - INFO  - com.example.demoJavafx.estudiante.Estudiante - La probabilidad de reproducción ha sido modificada
2024-05-17 06:37:20.278 - INFO  - com.example.demoJavafx.entorno.Montaña - Se ha reducido la vida
2024-05-17 06:37:20.282 - INFO  - com.example.demoJavafx.entorno.Montaña - Se ha reducido la vida
2024-05-17 06:37:20.286 - INFO  - com.example.demoJavafx.entorno.Montaña - Se ha reducido la vida
2024-05-17 06:37:20.558 - DEBUG - com.example.demoJavafx.estudiante.GsonEstudiante - Empezando deserialización de Estudiante EstudianteAvanzado a Json
2024-05-17 06:37:20.564 - DEBUG - com.example.demoJavafx.estudiante.GsonEstudiante - Empezando deserialización de Estudiante EstudianteBasico a Json
2024-05-17 06:37:20.569 - DEBUG - com.example.demoJavafx.estudiante.GsonEstudiante - Empezando deserialización de Estudiante EstudianteNormal a Json
2024-05-17 06:37:20.584 - ERROR - com.example.demoJavafx.entorno.Recursos - El array no contiene 2 elementos y por tanto, no se ha podido establecer la posición del recurso
2024-05-17 06:37:20.629 - INFO  - com.example.demoJavafx.entorno.Montaña - Se ha reducido la vida
2024-05-17 06:37:21.024 - INFO  - com.example.demoJavafx.entorno.Tesoro - Se ha aumentado la probabilidad de reproducción
2024-05-17 06:37:21.074 - INFO  - com.example.demoJavafx.SeleccionarPartidaController - Evaluando condición de finalización del juego...
2024-05-17 06:37:21.075 - INFO  - com.example.demoJavafx.SeleccionarPartidaController - Número total de estudiantes en el tablero: 0
2024-05-17 06:37:21.076 - INFO  - com.example.demoJavafx.SeleccionarPartidaController - Condición de finalización: falsa
2024-05-17 06:37:21.076 - INFO  - com.example.demoJavafx.SeleccionarPartidaController - No hay estudiantes en el tablero para evaluar su desaparición.
2024-05-17 06:37:21.079 - ERROR - com.example.demoJavafx.SeleccionarPartidaController - El bucle ha sido interrumpido mientras esperaba
2024-05-17 06:37:21.193 - INFO  - com.example.demoJavafx.estudiante.Estudiante - El tiempo de vida se ha modificado
2024-05-17 06:37:21.194 - INFO  - com.example.demoJavafx.estudiante.Estudiante - La probabilidad de reproducción ha sido modificada
2024-05-17 06:37:21.194 - INFO  - com.example.demoJavafx.estudiante.Estudiante - La probabilidad de clonación ha sido modificada
2024-05-17 06:37:21.270 - INFO  - com.example.demoJavafx.entorno.Agua - Se ha aumentado la vida
2024-05-17 06:37:21.272 - INFO  - com.example.demoJavafx.entorno.Agua - Se ha aumentado la vida
2024-05-17 06:37:21.286 - INFO  - com.example.demoJavafx.entorno.Agua - Se ha aumentado la vida
2024-05-17 06:37:21.987 - INFO  - com.example.demoJavafx.entorno.Comida - Se ha aumentado la vida
2024-05-17 06:37:21.996 - INFO  - com.example.demoJavafx.entorno.Comida - Se ha aumentado la vida
2024-05-17 06:37:22.003 - INFO  - com.example.demoJavafx.entorno.Comida - Se ha aumentado la vida
2024-05-17 06:39:55.584 - INFO  - com.example.demoJavafx.estudiante.Estudiante - La probabilidad de clonación ha sido modificada
2024-05-17 06:39:56.023 - INFO  - com.example.demoJavafx.entorno.Biblioteca - Se ha aumentado la probabilidad de clonación
2024-05-17 06:47:28.718 - INFO  - com.example.demoJavafx.estudiante.Estudiante - La probabilidad de clonación ha sido modificada
2024-05-17 06:47:33.966 - INFO  - com.example.demoJavafx.entorno.Biblioteca - Se ha aumentado la probabilidad de clonación
2024-05-17 06:47:51.626 - INFO  - com.example.demoJavafx.estudiante.Estudiante - La probabilidad de clonación ha sido modificada
2024-05-17 06:52:09.885 - INFO  - com.example.demoJavafx.entorno.Biblioteca - Se ha aumentado la probabilidad de clonación
2024-05-17 06:52:09.936 - INFO  - com.example.demoJavafx.estudiante.Estudiante - La probabilidad de clonación ha sido modificada
2024-05-17 06:52:10.350 - INFO  - com.example.demoJavafx.entorno.Biblioteca - Se ha aumentado la probabilidad de clonación
2024-05-17 06:52:44.176 - INFO  - com.example.demoJavafx.entorno.Biblioteca - Se ha aumentado la probabilidad de clonación
2024-05-17 06:56:23.374 - INFO  - com.example.demoJavafx.entorno.Biblioteca - Se ha aumentado la probabilidad de clonación
2024-05-17 06:56:23.398 - INFO  - com.example.demoJavafx.entorno.Biblioteca - Se ha aumentado la probabilidad de clonación
2024-05-17 06:56:23.411 - INFO  - com.example.demoJavafx.entorno.Biblioteca - Se ha aumentado la probabilidad de clonación
